<?xml version="1.0" encoding="UTF-8"?>
<!-- Generated by org.testng.reporters.JUnitReportReporter -->
<testsuite skipped="0" hostname="Rizwan" name="test.Demo3" tests="2" failures="0" timestamp="2021-08-20T03:47:39 IST" time="0.002" errors="0">
  <testcase name="loginAPICarLoan" time="0.001" classname="test.Demo3"/>
  <system-out/>
  <testcase name="loginCarLoan" time="0.001" classname="test.Demo3"/>
  <system-out/>
</testsuite> <!-- test.Demo3 -->
