<?xml version="1.0" encoding="UTF-8"?>
<!-- Generated by org.testng.reporters.JUnitReportReporter -->
<testsuite skipped="0" hostname="Rizwan" name="test.Demo4" tests="1" failures="0" timestamp="2021-08-21T02:17:07 IST" time="0.001" errors="0">
  <testcase name="loginHomeLoan" time="0.001" classname="test.Demo4"/>
  <system-out/>
</testsuite> <!-- test.Demo4 -->
