<?xml version="1.0" encoding="UTF-8"?>
<!-- Generated by org.testng.reporters.JUnitReportReporter -->
<testsuite skipped="0" hostname="Rizwan" name="test.Demo2" tests="1" failures="0" timestamp="2021-08-20T03:47:39 IST" time="0.002" errors="0">
  <testcase name="ploan" time="0.002" classname="test.Demo2"/>
  <system-out/>
</testsuite> <!-- test.Demo2 -->
